0 verbose cli /usr/local/bin/node /usr/local/bin/npm
1 info using npm@11.5.2
2 info using node@v20.18.0
3 silly config load:file:/usr/local/lib/node_modules/npm/npmrc
4 silly config load:file:/Users/gimseoncheol/Desktop/tour/.npmrc
5 silly config load:file:/Users/gimseoncheol/.npmrc
6 silly config load:file:/usr/local/etc/npmrc
7 verbose title npm install @mui/material @mui/icons-material @emotion/react @emotion/styled
8 verbose argv "install" "@mui/material" "@mui/icons-material" "@emotion/react" "@emotion/styled" "--legacy-peer-deps" "--cache" ".npm-cache"
9 verbose logfile logs-max:10 dir:/Users/gimseoncheol/Desktop/tour/.npm-cache/_logs/2025-10-14T17_59_15_069Z-
10 verbose logfile /Users/gimseoncheol/Desktop/tour/.npm-cache/_logs/2025-10-14T17_59_15_069Z-debug-0.log
11 silly logfile done cleaning log files
12 silly packumentCache heap:4345298944 maxSize:1086324736 maxEntrySize:543162368
13 silly idealTree buildDeps
14 silly fetch manifest @mui/material@*
15 silly packumentCache full:https://registry.npmjs.org/@mui%2fmaterial cache-miss
16 http fetch GET 200 https://registry.npmjs.org/@mui%2fmaterial 266ms (cache miss)
17 silly packumentCache full:https://registry.npmjs.org/@mui%2fmaterial set size:undefined disposed:false
18 silly fetch manifest @mui/icons-material@*
19 silly packumentCache full:https://registry.npmjs.org/@mui%2ficons-material cache-miss
20 http fetch GET 200 https://registry.npmjs.org/@mui%2ficons-material 51ms (cache miss)
21 silly packumentCache full:https://registry.npmjs.org/@mui%2ficons-material set size:undefined disposed:false
22 silly fetch manifest @emotion/react@*
23 silly packumentCache full:https://registry.npmjs.org/@emotion%2freact cache-miss
24 http fetch GET 200 https://registry.npmjs.org/@emotion%2freact 132ms (cache miss)
25 silly packumentCache full:https://registry.npmjs.org/@emotion%2freact set size:undefined disposed:false
26 silly fetch manifest @emotion/styled@*
27 silly packumentCache full:https://registry.npmjs.org/@emotion%2fstyled cache-miss
28 http fetch GET 200 https://registry.npmjs.org/@emotion%2fstyled 601ms (cache miss)
29 silly packumentCache full:https://registry.npmjs.org/@emotion%2fstyled set size:undefined disposed:false
30 silly placeDep ROOT @emotion/react@11.14.0 OK for: tour@0.1.0 want: *
31 silly placeDep ROOT @emotion/styled@11.14.1 OK for: tour@0.1.0 want: *
32 silly placeDep ROOT @mui/icons-material@7.3.4 OK for: tour@0.1.0 want: *
33 silly placeDep ROOT @mui/material@7.3.4 OK for: tour@0.1.0 want: *
34 silly fetch manifest @babel/runtime@^7.18.3
35 silly packumentCache full:https://registry.npmjs.org/@babel%2fruntime cache-miss
36 silly fetch manifest @emotion/babel-plugin@^11.13.5
37 silly packumentCache full:https://registry.npmjs.org/@emotion%2fbabel-plugin cache-miss
38 silly fetch manifest @emotion/cache@^11.14.0
39 silly packumentCache full:https://registry.npmjs.org/@emotion%2fcache cache-miss
40 silly fetch manifest @emotion/serialize@^1.3.3
41 silly packumentCache full:https://registry.npmjs.org/@emotion%2fserialize cache-miss
42 silly fetch manifest @emotion/use-insertion-effect-with-fallbacks@^1.2.0
43 silly packumentCache full:https://registry.npmjs.org/@emotion%2fuse-insertion-effect-with-fallbacks cache-miss
44 silly fetch manifest @emotion/utils@^1.4.2
45 silly packumentCache full:https://registry.npmjs.org/@emotion%2futils cache-miss
46 silly fetch manifest @emotion/weak-memoize@^0.4.0
47 silly packumentCache full:https://registry.npmjs.org/@emotion%2fweak-memoize cache-miss
48 silly fetch manifest hoist-non-react-statics@^3.3.1
49 silly packumentCache full:https://registry.npmjs.org/hoist-non-react-statics cache-miss
50 silly fetch manifest @babel/runtime@^7.18.3
51 silly packumentCache full:https://registry.npmjs.org/@babel%2fruntime cache-miss
52 http fetch GET 200 https://registry.npmjs.org/@emotion%2fbabel-plugin 79ms (cache miss)
53 silly packumentCache full:https://registry.npmjs.org/@emotion%2fbabel-plugin set size:undefined disposed:false
54 silly fetch manifest @emotion/is-prop-valid@^1.3.0
55 silly packumentCache full:https://registry.npmjs.org/@emotion%2fis-prop-valid cache-miss
56 http fetch GET 200 https://registry.npmjs.org/hoist-non-react-statics 80ms (cache miss)
57 silly packumentCache full:https://registry.npmjs.org/hoist-non-react-statics set size:undefined disposed:false
58 silly fetch manifest @emotion/serialize@^1.3.3
59 silly packumentCache full:https://registry.npmjs.org/@emotion%2fserialize cache-miss
60 http fetch GET 200 https://registry.npmjs.org/@babel%2fruntime 95ms (cache miss)
61 silly packumentCache full:https://registry.npmjs.org/@babel%2fruntime set size:undefined disposed:false
62 silly fetch manifest @emotion/use-insertion-effect-with-fallbacks@^1.2.0
63 silly packumentCache full:https://registry.npmjs.org/@emotion%2fuse-insertion-effect-with-fallbacks cache-miss
64 http fetch GET 200 https://registry.npmjs.org/@babel%2fruntime 121ms (cache miss)
65 silly packumentCache full:https://registry.npmjs.org/@babel%2fruntime set size:undefined disposed:false
66 silly fetch manifest @emotion/utils@^1.4.2
67 silly packumentCache full:https://registry.npmjs.org/@emotion%2futils cache-miss
68 http fetch GET 200 https://registry.npmjs.org/@emotion%2fcache 322ms (cache miss)
69 silly packumentCache full:https://registry.npmjs.org/@emotion%2fcache set size:undefined disposed:false
70 silly fetch manifest @babel/runtime@^7.28.4
71 silly packumentCache full:https://registry.npmjs.org/@babel%2fruntime cache-miss
72 http cache https://registry.npmjs.org/@babel%2fruntime 8ms (cache hit)
73 silly packumentCache full:https://registry.npmjs.org/@babel%2fruntime set size:3222662 disposed:false
74 silly fetch manifest @popperjs/core@^2.11.8
75 silly packumentCache full:https://registry.npmjs.org/@popperjs%2fcore cache-miss
76 http fetch GET 200 https://registry.npmjs.org/@emotion%2fserialize 295ms (cache miss)
77 silly packumentCache full:https://registry.npmjs.org/@emotion%2fserialize set size:undefined disposed:false
78 silly fetch manifest @types/react-transition-group@^4.4.12
79 silly packumentCache full:https://registry.npmjs.org/@types%2freact-transition-group cache-miss
80 http fetch GET 200 https://registry.npmjs.org/@popperjs%2fcore 45ms (cache miss)
81 silly packumentCache full:https://registry.npmjs.org/@popperjs%2fcore set size:undefined disposed:false
82 silly fetch manifest clsx@^2.1.1
83 silly packumentCache full:https://registry.npmjs.org/clsx cache-miss
84 http fetch GET 200 https://registry.npmjs.org/@emotion%2fuse-insertion-effect-with-fallbacks 311ms (cache miss)
85 silly packumentCache full:https://registry.npmjs.org/@emotion%2fuse-insertion-effect-with-fallbacks set size:undefined disposed:false
86 silly fetch manifest react-is@^19.1.1
87 silly packumentCache full:https://registry.npmjs.org/react-is cache-miss
88 http fetch GET 200 https://registry.npmjs.org/@types%2freact-transition-group 45ms (cache miss)
89 silly packumentCache full:https://registry.npmjs.org/@types%2freact-transition-group set size:undefined disposed:false
90 silly fetch manifest react-transition-group@^4.4.5
91 silly packumentCache full:https://registry.npmjs.org/react-transition-group cache-miss
92 http fetch GET 200 https://registry.npmjs.org/@emotion%2futils 291ms (cache miss)
93 silly packumentCache full:https://registry.npmjs.org/@emotion%2futils set size:undefined disposed:false
94 silly fetch manifest @mui/core-downloads-tracker@^7.3.4
95 silly packumentCache full:https://registry.npmjs.org/@mui%2fcore-downloads-tracker cache-miss
96 http fetch GET 200 https://registry.npmjs.org/clsx 36ms (cache miss)
97 silly packumentCache full:https://registry.npmjs.org/clsx set size:undefined disposed:false
98 silly fetch manifest @mui/types@^7.4.7
99 silly packumentCache full:https://registry.npmjs.org/@mui%2ftypes cache-miss
100 http fetch GET 200 https://registry.npmjs.org/react-transition-group 44ms (cache miss)
101 silly packumentCache full:https://registry.npmjs.org/react-transition-group set size:undefined disposed:false
102 silly fetch manifest @mui/system@^7.3.3
103 silly packumentCache full:https://registry.npmjs.org/@mui%2fsystem cache-miss
104 http fetch GET 200 https://registry.npmjs.org/@emotion%2fis-prop-valid 393ms (cache miss)
105 silly packumentCache full:https://registry.npmjs.org/@emotion%2fis-prop-valid set size:undefined disposed:false
106 silly fetch manifest @mui/utils@^7.3.3
107 silly packumentCache full:https://registry.npmjs.org/@mui%2futils cache-miss
108 http fetch GET 200 https://registry.npmjs.org/@mui%2ftypes 46ms (cache miss)
109 silly packumentCache full:https://registry.npmjs.org/@mui%2ftypes set size:undefined disposed:false
110 http fetch GET 200 https://registry.npmjs.org/@mui%2futils 47ms (cache miss)
111 silly packumentCache full:https://registry.npmjs.org/@mui%2futils set size:undefined disposed:false
112 http fetch GET 200 https://registry.npmjs.org/@mui%2fcore-downloads-tracker 96ms (cache miss)
113 silly packumentCache full:https://registry.npmjs.org/@mui%2fcore-downloads-tracker set size:undefined disposed:false
114 http fetch GET 200 https://registry.npmjs.org/react-is 113ms (cache miss)
115 silly packumentCache full:https://registry.npmjs.org/react-is set size:undefined disposed:false
116 http fetch GET 200 https://registry.npmjs.org/@emotion%2futils 581ms (cache miss)
117 silly packumentCache full:https://registry.npmjs.org/@emotion%2futils set size:undefined disposed:false
118 http fetch GET 200 https://registry.npmjs.org/@emotion%2fserialize 582ms (cache miss)
119 silly packumentCache full:https://registry.npmjs.org/@emotion%2fserialize set size:undefined disposed:false
120 http fetch GET 200 https://registry.npmjs.org/@emotion%2fweak-memoize 614ms (cache miss)
121 silly packumentCache full:https://registry.npmjs.org/@emotion%2fweak-memoize set size:undefined disposed:false
122 http fetch GET 200 https://registry.npmjs.org/@emotion%2fuse-insertion-effect-with-fallbacks 620ms (cache miss)
123 silly packumentCache full:https://registry.npmjs.org/@emotion%2fuse-insertion-effect-with-fallbacks set size:undefined disposed:false
124 http fetch GET 200 https://registry.npmjs.org/@mui%2fsystem 181ms (cache miss)
125 silly packumentCache full:https://registry.npmjs.org/@mui%2fsystem set size:undefined disposed:false
126 silly placeDep ROOT @babel/runtime@7.28.4 OK for: @emotion/react@11.14.0 want: ^7.18.3
127 silly placeDep ROOT @emotion/babel-plugin@11.13.5 OK for: @emotion/react@11.14.0 want: ^11.13.5
128 silly placeDep ROOT @emotion/cache@11.14.0 OK for: @emotion/react@11.14.0 want: ^11.14.0
129 silly placeDep ROOT @emotion/serialize@1.3.3 OK for: @emotion/react@11.14.0 want: ^1.3.3
130 silly placeDep ROOT @emotion/use-insertion-effect-with-fallbacks@1.2.0 OK for: @emotion/react@11.14.0 want: ^1.2.0
131 silly placeDep ROOT @emotion/utils@1.4.2 OK for: @emotion/react@11.14.0 want: ^1.4.2
132 silly placeDep ROOT @emotion/weak-memoize@0.4.0 OK for: @emotion/react@11.14.0 want: ^0.4.0
133 silly placeDep ROOT hoist-non-react-statics@3.3.2 OK for: @emotion/react@11.14.0 want: ^3.3.1
134 silly fetch manifest @babel/helper-module-imports@^7.16.7
135 silly packumentCache full:https://registry.npmjs.org/@babel%2fhelper-module-imports cache-miss
136 silly fetch manifest @emotion/hash@^0.9.2
137 silly packumentCache full:https://registry.npmjs.org/@emotion%2fhash cache-miss
138 silly fetch manifest @emotion/memoize@^0.9.0
139 silly packumentCache full:https://registry.npmjs.org/@emotion%2fmemoize cache-miss
140 silly fetch manifest babel-plugin-macros@^3.1.0
141 silly packumentCache full:https://registry.npmjs.org/babel-plugin-macros cache-miss
142 silly fetch manifest convert-source-map@^1.5.0
143 silly packumentCache full:https://registry.npmjs.org/convert-source-map cache-miss
144 silly fetch manifest find-root@^1.1.0
145 silly packumentCache full:https://registry.npmjs.org/find-root cache-miss
146 silly fetch manifest source-map@^0.5.7
147 silly packumentCache full:https://registry.npmjs.org/source-map cache-miss
148 silly fetch manifest stylis@4.2.0
149 silly packumentCache full:https://registry.npmjs.org/stylis cache-miss
150 silly fetch manifest @emotion/memoize@^0.9.0
151 silly packumentCache full:https://registry.npmjs.org/@emotion%2fmemoize cache-miss
152 http fetch GET 200 https://registry.npmjs.org/find-root 38ms (cache miss)
153 silly packumentCache full:https://registry.npmjs.org/find-root set size:undefined disposed:false
154 silly fetch manifest @emotion/sheet@^1.4.0
155 silly packumentCache full:https://registry.npmjs.org/@emotion%2fsheet cache-miss
156 http fetch GET 200 https://registry.npmjs.org/@babel%2fhelper-module-imports 46ms (cache miss)
157 silly packumentCache full:https://registry.npmjs.org/@babel%2fhelper-module-imports set size:undefined disposed:false
158 silly fetch manifest stylis@4.2.0
159 silly packumentCache full:https://registry.npmjs.org/stylis cache-miss
160 http fetch GET 200 https://registry.npmjs.org/convert-source-map 45ms (cache miss)
161 silly packumentCache full:https://registry.npmjs.org/convert-source-map set size:undefined disposed:false
162 silly fetch manifest @emotion/hash@^0.9.2
163 silly packumentCache full:https://registry.npmjs.org/@emotion%2fhash cache-miss
164 http fetch GET 200 https://registry.npmjs.org/babel-plugin-macros 49ms (cache miss)
165 silly packumentCache full:https://registry.npmjs.org/babel-plugin-macros set size:undefined disposed:false
166 silly fetch manifest @emotion/memoize@^0.9.0
167 silly packumentCache full:https://registry.npmjs.org/@emotion%2fmemoize cache-miss
168 http fetch GET 200 https://registry.npmjs.org/source-map 52ms (cache miss)
169 silly packumentCache full:https://registry.npmjs.org/source-map set size:undefined disposed:false
170 silly fetch manifest @emotion/unitless@^0.10.0
171 silly packumentCache full:https://registry.npmjs.org/@emotion%2funitless cache-miss
172 http fetch GET 200 https://registry.npmjs.org/@emotion%2fhash 58ms (cache miss)
173 silly packumentCache full:https://registry.npmjs.org/@emotion%2fhash set size:undefined disposed:false
174 http fetch GET 200 https://registry.npmjs.org/stylis 64ms (cache miss)
175 silly packumentCache full:https://registry.npmjs.org/stylis set size:undefined disposed:false
176 http fetch GET 200 https://registry.npmjs.org/stylis 32ms (cache miss)
177 silly packumentCache full:https://registry.npmjs.org/stylis set size:undefined disposed:false
178 http fetch GET 200 https://registry.npmjs.org/@emotion%2fsheet 44ms (cache miss)
179 silly packumentCache full:https://registry.npmjs.org/@emotion%2fsheet set size:undefined disposed:false
180 http fetch GET 200 https://registry.npmjs.org/@emotion%2fmemoize 50ms (cache miss)
181 silly packumentCache full:https://registry.npmjs.org/@emotion%2fmemoize set size:undefined disposed:false
182 http fetch GET 200 https://registry.npmjs.org/@emotion%2fmemoize 103ms (cache miss)
183 silly packumentCache full:https://registry.npmjs.org/@emotion%2fmemoize set size:undefined disposed:false
184 http fetch GET 200 https://registry.npmjs.org/@emotion%2fhash 55ms (cache miss)
185 silly packumentCache full:https://registry.npmjs.org/@emotion%2fhash set size:undefined disposed:false
186 http fetch GET 200 https://registry.npmjs.org/@emotion%2funitless 53ms (cache miss)
187 silly packumentCache full:https://registry.npmjs.org/@emotion%2funitless set size:undefined disposed:false
188 http fetch GET 200 https://registry.npmjs.org/@emotion%2fmemoize 114ms (cache miss)
189 silly packumentCache full:https://registry.npmjs.org/@emotion%2fmemoize set size:undefined disposed:false
190 silly placeDep ROOT @babel/helper-module-imports@7.27.1 OK for: @emotion/babel-plugin@11.13.5 want: ^7.16.7
191 silly placeDep ROOT @emotion/hash@0.9.2 OK for: @emotion/babel-plugin@11.13.5 want: ^0.9.2
192 silly placeDep ROOT @emotion/memoize@0.9.0 OK for: @emotion/babel-plugin@11.13.5 want: ^0.9.0
193 silly placeDep ROOT babel-plugin-macros@3.1.0 OK for: @emotion/babel-plugin@11.13.5 want: ^3.1.0
194 silly placeDep ROOT convert-source-map@1.9.0 OK for: @emotion/babel-plugin@11.13.5 want: ^1.5.0
195 silly placeDep ROOT find-root@1.1.0 OK for: @emotion/babel-plugin@11.13.5 want: ^1.1.0
196 silly placeDep ROOT source-map@0.5.7 OK for: @emotion/babel-plugin@11.13.5 want: ^0.5.7
197 silly placeDep ROOT stylis@4.2.0 OK for: @emotion/babel-plugin@11.13.5 want: 4.2.0
198 silly fetch manifest @babel/types@^7.27.1
199 silly packumentCache full:https://registry.npmjs.org/@babel%2ftypes cache-miss
200 silly fetch manifest @babel/traverse@^7.27.1
201 silly packumentCache full:https://registry.npmjs.org/@babel%2ftraverse cache-miss
202 silly fetch manifest cosmiconfig@^7.0.0
203 silly packumentCache full:https://registry.npmjs.org/cosmiconfig cache-miss
204 http fetch GET 200 https://registry.npmjs.org/cosmiconfig 42ms (cache miss)
205 silly packumentCache full:https://registry.npmjs.org/cosmiconfig set size:undefined disposed:false
206 http fetch GET 200 https://registry.npmjs.org/@babel%2ftypes 48ms (cache miss)
207 silly packumentCache full:https://registry.npmjs.org/@babel%2ftypes set size:undefined disposed:false
208 http fetch GET 200 https://registry.npmjs.org/@babel%2ftraverse 65ms (cache miss)
209 silly packumentCache full:https://registry.npmjs.org/@babel%2ftraverse set size:undefined disposed:false
210 silly placeDep ROOT @babel/traverse@7.28.4 OK for: @babel/helper-module-imports@7.27.1 want: ^7.27.1
211 silly placeDep ROOT @babel/types@7.28.4 OK for: @babel/helper-module-imports@7.27.1 want: ^7.27.1
212 silly fetch manifest @babel/types@^7.28.4
213 silly packumentCache full:https://registry.npmjs.org/@babel%2ftypes cache-miss
214 silly fetch manifest @babel/parser@^7.28.4
215 silly packumentCache full:https://registry.npmjs.org/@babel%2fparser cache-miss
216 silly fetch manifest @babel/template@^7.27.2
217 silly packumentCache full:https://registry.npmjs.org/@babel%2ftemplate cache-miss
218 silly fetch manifest @babel/generator@^7.28.3
219 silly packumentCache full:https://registry.npmjs.org/@babel%2fgenerator cache-miss
220 silly fetch manifest @babel/code-frame@^7.27.1
221 silly packumentCache full:https://registry.npmjs.org/@babel%2fcode-frame cache-miss
222 silly fetch manifest @babel/helper-globals@^7.28.0
223 silly packumentCache full:https://registry.npmjs.org/@babel%2fhelper-globals cache-miss
224 silly fetch manifest @babel/helper-string-parser@^7.27.1
225 silly packumentCache full:https://registry.npmjs.org/@babel%2fhelper-string-parser cache-miss
226 silly fetch manifest @babel/helper-validator-identifier@^7.27.1
227 silly packumentCache full:https://registry.npmjs.org/@babel%2fhelper-validator-identifier cache-miss
228 http cache https://registry.npmjs.org/@babel%2ftypes 8ms (cache hit)
229 silly packumentCache full:https://registry.npmjs.org/@babel%2ftypes set size:471681 disposed:false
230 http fetch GET 200 https://registry.npmjs.org/@babel%2ftemplate 44ms (cache miss)
231 silly packumentCache full:https://registry.npmjs.org/@babel%2ftemplate set size:undefined disposed:false
232 http fetch GET 200 https://registry.npmjs.org/@babel%2fhelper-validator-identifier 47ms (cache miss)
233 silly packumentCache full:https://registry.npmjs.org/@babel%2fhelper-validator-identifier set size:undefined disposed:false
234 http fetch GET 200 https://registry.npmjs.org/@babel%2fcode-frame 51ms (cache miss)
235 silly packumentCache full:https://registry.npmjs.org/@babel%2fcode-frame set size:undefined disposed:false
236 http fetch GET 200 https://registry.npmjs.org/@babel%2fparser 55ms (cache miss)
237 silly packumentCache full:https://registry.npmjs.org/@babel%2fparser set size:undefined disposed:false
238 http fetch GET 200 https://registry.npmjs.org/@babel%2fgenerator 59ms (cache miss)
239 silly packumentCache full:https://registry.npmjs.org/@babel%2fgenerator set size:undefined disposed:false
240 http fetch GET 200 https://registry.npmjs.org/@babel%2fhelper-globals 64ms (cache miss)
241 silly packumentCache full:https://registry.npmjs.org/@babel%2fhelper-globals set size:undefined disposed:false
242 http fetch GET 200 https://registry.npmjs.org/@babel%2fhelper-string-parser 70ms (cache miss)
243 silly packumentCache full:https://registry.npmjs.org/@babel%2fhelper-string-parser set size:undefined disposed:false
244 silly placeDep ROOT @babel/code-frame@7.27.1 OK for: @babel/traverse@7.28.4 want: ^7.27.1
245 silly placeDep ROOT @babel/generator@7.28.3 OK for: @babel/traverse@7.28.4 want: ^7.28.3
246 silly placeDep ROOT @babel/helper-globals@7.28.0 OK for: @babel/traverse@7.28.4 want: ^7.28.0
247 silly placeDep ROOT @babel/parser@7.28.4 OK for: @babel/traverse@7.28.4 want: ^7.28.4
248 silly placeDep ROOT @babel/template@7.27.2 OK for: @babel/traverse@7.28.4 want: ^7.27.2
249 silly fetch manifest jsesc@^3.0.2
250 silly packumentCache full:https://registry.npmjs.org/jsesc cache-miss
251 silly fetch manifest @babel/parser@^7.28.3
252 silly packumentCache full:https://registry.npmjs.org/@babel%2fparser cache-miss
253 http cache https://registry.npmjs.org/@babel%2fparser 4ms (cache hit)
254 silly packumentCache full:https://registry.npmjs.org/@babel%2fparser set size:698218 disposed:false
255 http fetch GET 200 https://registry.npmjs.org/jsesc 42ms (cache miss)
256 silly packumentCache full:https://registry.npmjs.org/jsesc set size:undefined disposed:false
257 silly placeDep ROOT @babel/helper-validator-identifier@7.27.1 OK for: @babel/code-frame@7.27.1 want: ^7.27.1
258 silly placeDep ROOT jsesc@3.1.0 OK for: @babel/generator@7.28.3 want: ^3.0.2
259 silly placeDep ROOT @babel/helper-string-parser@7.27.1 OK for: @babel/types@7.28.4 want: ^7.27.1
260 silly placeDep ROOT @emotion/sheet@1.4.0 OK for: @emotion/cache@11.14.0 want: ^1.4.0
261 silly placeDep ROOT @emotion/unitless@0.10.0 OK for: @emotion/serialize@1.3.3 want: ^0.10.0
262 silly placeDep ROOT @emotion/is-prop-valid@1.4.0 OK for: @emotion/styled@11.14.1 want: ^1.3.0
263 silly placeDep ROOT @mui/core-downloads-tracker@7.3.4 OK for: @mui/material@7.3.4 want: ^7.3.4
264 silly placeDep ROOT @mui/system@7.3.3 OK for: @mui/material@7.3.4 want: ^7.3.3
265 silly placeDep ROOT @mui/types@7.4.7 OK for: @mui/material@7.3.4 want: ^7.4.7
266 silly placeDep ROOT @mui/utils@7.3.3 OK for: @mui/material@7.3.4 want: ^7.3.3
267 silly placeDep ROOT @popperjs/core@2.11.8 OK for: @mui/material@7.3.4 want: ^2.11.8
268 silly placeDep ROOT @types/react-transition-group@4.4.12 OK for: @mui/material@7.3.4 want: ^4.4.12
269 silly placeDep ROOT clsx@2.1.1 OK for: @mui/material@7.3.4 want: ^2.1.1
270 silly placeDep node_modules/@mui/material react-is@19.2.0 OK for: @mui/material@7.3.4 want: ^19.1.1
271 silly placeDep ROOT react-transition-group@4.4.5 OK for: @mui/material@7.3.4 want: ^4.4.5
272 silly fetch manifest @mui/private-theming@^7.3.3
273 silly packumentCache full:https://registry.npmjs.org/@mui%2fprivate-theming cache-miss
274 silly fetch manifest @mui/styled-engine@^7.3.3
275 silly packumentCache full:https://registry.npmjs.org/@mui%2fstyled-engine cache-miss
276 silly fetch manifest @types/prop-types@^15.7.15
277 silly packumentCache full:https://registry.npmjs.org/@types%2fprop-types cache-miss
278 silly fetch manifest dom-helpers@^5.0.1
279 silly packumentCache full:https://registry.npmjs.org/dom-helpers cache-miss
280 http fetch GET 200 https://registry.npmjs.org/dom-helpers 28ms (cache miss)
281 silly packumentCache full:https://registry.npmjs.org/dom-helpers set size:undefined disposed:false
282 http fetch GET 200 https://registry.npmjs.org/@types%2fprop-types 49ms (cache miss)
283 silly packumentCache full:https://registry.npmjs.org/@types%2fprop-types set size:undefined disposed:false
284 http fetch GET 200 https://registry.npmjs.org/@mui%2fprivate-theming 95ms (cache miss)
285 silly packumentCache full:https://registry.npmjs.org/@mui%2fprivate-theming set size:undefined disposed:false
286 http fetch GET 200 https://registry.npmjs.org/@mui%2fstyled-engine 120ms (cache miss)
287 silly packumentCache full:https://registry.npmjs.org/@mui%2fstyled-engine set size:undefined disposed:false
288 silly placeDep ROOT @mui/private-theming@7.3.3 OK for: @mui/system@7.3.3 want: ^7.3.3
289 silly placeDep ROOT @mui/styled-engine@7.3.3 OK for: @mui/system@7.3.3 want: ^7.3.3
290 silly placeDep ROOT @types/prop-types@15.7.15 OK for: @mui/utils@7.3.3 want: ^15.7.15
291 silly placeDep node_modules/@mui/utils react-is@19.2.0 OK for: @mui/utils@7.3.3 want: ^19.1.1
292 silly placeDep ROOT cosmiconfig@7.1.0 OK for: babel-plugin-macros@3.1.0 want: ^7.0.0
293 silly fetch manifest @types/parse-json@^4.0.0
294 silly packumentCache full:https://registry.npmjs.org/@types%2fparse-json cache-miss
295 silly fetch manifest parse-json@^5.0.0
296 silly packumentCache full:https://registry.npmjs.org/parse-json cache-miss
297 silly fetch manifest path-type@^4.0.0
298 silly packumentCache full:https://registry.npmjs.org/path-type cache-miss
299 silly fetch manifest yaml@^1.10.0
300 silly packumentCache full:https://registry.npmjs.org/yaml cache-miss
301 http fetch GET 200 https://registry.npmjs.org/parse-json 34ms (cache miss)
302 silly packumentCache full:https://registry.npmjs.org/parse-json set size:undefined disposed:false
303 http fetch GET 200 https://registry.npmjs.org/path-type 37ms (cache miss)
304 silly packumentCache full:https://registry.npmjs.org/path-type set size:undefined disposed:false
305 http fetch GET 200 https://registry.npmjs.org/@types%2fparse-json 43ms (cache miss)
306 silly packumentCache full:https://registry.npmjs.org/@types%2fparse-json set size:undefined disposed:false
307 http fetch GET 200 https://registry.npmjs.org/yaml 51ms (cache miss)
308 silly packumentCache full:https://registry.npmjs.org/yaml set size:undefined disposed:false
309 silly placeDep ROOT @types/parse-json@4.0.2 OK for: cosmiconfig@7.1.0 want: ^4.0.0
310 silly placeDep ROOT parse-json@5.2.0 OK for: cosmiconfig@7.1.0 want: ^5.0.0
311 silly placeDep ROOT path-type@4.0.0 OK for: cosmiconfig@7.1.0 want: ^4.0.0
312 silly placeDep ROOT yaml@1.10.2 OK for: cosmiconfig@7.1.0 want: ^1.10.0
313 silly fetch manifest error-ex@^1.3.1
314 silly packumentCache full:https://registry.npmjs.org/error-ex cache-miss
315 silly fetch manifest lines-and-columns@^1.1.6
316 silly packumentCache full:https://registry.npmjs.org/lines-and-columns cache-miss
317 silly fetch manifest json-parse-even-better-errors@^2.3.0
318 silly packumentCache full:https://registry.npmjs.org/json-parse-even-better-errors cache-miss
319 http fetch GET 200 https://registry.npmjs.org/lines-and-columns 30ms (cache miss)
320 silly packumentCache full:https://registry.npmjs.org/lines-and-columns set size:undefined disposed:false
321 http fetch GET 200 https://registry.npmjs.org/error-ex 33ms (cache miss)
322 silly packumentCache full:https://registry.npmjs.org/error-ex set size:undefined disposed:false
323 http fetch GET 200 https://registry.npmjs.org/json-parse-even-better-errors 39ms (cache miss)
324 silly packumentCache full:https://registry.npmjs.org/json-parse-even-better-errors set size:undefined disposed:false
325 silly placeDep ROOT error-ex@1.3.4 OK for: parse-json@5.2.0 want: ^1.3.1
326 silly placeDep ROOT json-parse-even-better-errors@2.3.1 OK for: parse-json@5.2.0 want: ^2.3.0
327 silly placeDep ROOT lines-and-columns@1.2.4 OK for: parse-json@5.2.0 want: ^1.1.6
328 silly fetch manifest is-arrayish@^0.2.1
329 silly packumentCache full:https://registry.npmjs.org/is-arrayish cache-miss
330 http fetch GET 200 https://registry.npmjs.org/is-arrayish 53ms (cache miss)
331 silly packumentCache full:https://registry.npmjs.org/is-arrayish set size:undefined disposed:false
332 silly placeDep ROOT is-arrayish@0.2.1 OK for: error-ex@1.3.4 want: ^0.2.1
333 silly placeDep ROOT dom-helpers@5.2.1 OK for: react-transition-group@4.4.5 want: ^5.0.1
334 silly reify moves {}
335 silly audit bulk request {
335 silly audit   '@alloc/quick-lru': [ '5.2.0' ],
335 silly audit   '@emnapi/core': [ '1.5.0' ],
335 silly audit   '@emnapi/runtime': [ '1.5.0' ],
335 silly audit   '@emnapi/wasi-threads': [ '1.1.0' ],
335 silly audit   '@eslint-community/eslint-utils': [ '4.9.0' ],
335 silly audit   'eslint-visitor-keys': [ '3.4.3', '4.2.1' ],
335 silly audit   '@eslint-community/regexpp': [ '4.12.1' ],
335 silly audit   '@eslint/config-array': [ '0.21.0' ],
335 silly audit   '@eslint/config-helpers': [ '0.4.0' ],
335 silly audit   '@eslint/core': [ '0.16.0' ],
335 silly audit   '@eslint/eslintrc': [ '3.3.1' ],
335 silly audit   '@eslint/js': [ '9.37.0' ],
335 silly audit   '@eslint/object-schema': [ '2.1.6' ],
335 silly audit   '@eslint/plugin-kit': [ '0.4.0' ],
335 silly audit   '@firebase/ai': [ '2.4.0' ],
335 silly audit   '@firebase/analytics': [ '0.10.19' ],
335 silly audit   '@firebase/analytics-compat': [ '0.2.25' ],
335 silly audit   '@firebase/analytics-types': [ '0.8.3' ],
335 silly audit   '@firebase/app': [ '0.14.4' ],
335 silly audit   '@firebase/app-check': [ '0.11.0' ],
335 silly audit   '@firebase/app-check-compat': [ '0.4.0' ],
335 silly audit   '@firebase/app-check-interop-types': [ '0.3.3' ],
335 silly audit   '@firebase/app-check-types': [ '0.5.3' ],
335 silly audit   '@firebase/app-compat': [ '0.5.4' ],
335 silly audit   '@firebase/app-types': [ '0.9.3' ],
335 silly audit   '@firebase/auth': [ '1.11.0' ],
335 silly audit   '@firebase/auth-compat': [ '0.6.0' ],
335 silly audit   '@firebase/auth-interop-types': [ '0.2.4' ],
335 silly audit   '@firebase/auth-types': [ '0.13.0' ],
335 silly audit   '@firebase/component': [ '0.7.0' ],
335 silly audit   '@firebase/data-connect': [ '0.3.11' ],
335 silly audit   '@firebase/database': [ '1.1.0' ],
335 silly audit   '@firebase/database-compat': [ '2.1.0' ],
335 silly audit   '@firebase/database-types': [ '1.0.16' ],
335 silly audit   '@firebase/firestore': [ '4.9.2' ],
335 silly audit   '@firebase/firestore-compat': [ '0.4.2' ],
335 silly audit   '@firebase/firestore-types': [ '3.0.3' ],
335 silly audit   '@firebase/functions': [ '0.13.1' ],
335 silly audit   '@firebase/functions-compat': [ '0.4.1' ],
335 silly audit   '@firebase/functions-types': [ '0.6.3' ],
335 silly audit   '@firebase/installations': [ '0.6.19' ],
335 silly audit   '@firebase/installations-compat': [ '0.2.19' ],
335 silly audit   '@firebase/installations-types': [ '0.5.3' ],
335 silly audit   '@firebase/logger': [ '0.5.0' ],
335 silly audit   '@firebase/messaging': [ '0.12.23' ],
335 silly audit   '@firebase/messaging-compat': [ '0.2.23' ],
335 silly audit   '@firebase/messaging-interop-types': [ '0.2.3' ],
335 silly audit   '@firebase/performance': [ '0.7.9' ],
335 silly audit   '@firebase/performance-compat': [ '0.2.22' ],
335 silly audit   '@firebase/performance-types': [ '0.2.3' ],
335 silly audit   '@firebase/remote-config': [ '0.7.0' ],
335 silly audit   '@firebase/remote-config-compat': [ '0.2.20' ],
335 silly audit   '@firebase/remote-config-types': [ '0.5.0' ],
335 silly audit   '@firebase/storage': [ '0.14.0' ],
335 silly audit   '@firebase/storage-compat': [ '0.4.0' ],
335 silly audit   '@firebase/storage-types': [ '0.8.3' ],
335 silly audit   '@firebase/util': [ '1.13.0' ],
335 silly audit   '@firebase/webchannel-wrapper': [ '1.0.5' ],
335 silly audit   '@grpc/grpc-js': [ '1.9.15' ],
335 silly audit   '@grpc/proto-loader': [ '0.7.15' ],
335 silly audit   '@humanfs/core': [ '0.19.1' ],
335 silly audit   '@humanfs/node': [ '0.16.7' ],
335 silly audit   '@humanwhocodes/module-importer': [ '1.0.1' ],
335 silly audit   '@humanwhocodes/retry': [ '0.4.3' ],
335 silly audit   '@img/colour': [ '1.0.0' ],
335 silly audit   '@img/sharp-darwin-arm64': [ '0.34.4' ],
335 silly audit   '@img/sharp-darwin-x64': [ '0.34.4' ],
335 silly audit   '@img/sharp-libvips-darwin-arm64': [ '1.2.3' ],
335 silly audit   '@img/sharp-libvips-darwin-x64': [ '1.2.3' ],
335 silly audit   '@img/sharp-libvips-linux-arm': [ '1.2.3' ],
335 silly audit   '@img/sharp-libvips-linux-arm64': [ '1.2.3' ],
335 silly audit   '@img/sharp-libvips-linux-ppc64': [ '1.2.3' ],
335 silly audit   '@img/sharp-libvips-linux-s390x': [ '1.2.3' ],
335 silly audit   '@img/sharp-libvips-linux-x64': [ '1.2.3' ],
335 silly audit   '@img/sharp-libvips-linuxmusl-arm64': [ '1.2.3' ],
335 silly audit   '@img/sharp-libvips-linuxmusl-x64': [ '1.2.3' ],
335 silly audit   '@img/sharp-linux-arm': [ '0.34.4' ],
335 silly audit   '@img/sharp-linux-arm64': [ '0.34.4' ],
335 silly audit   '@img/sharp-linux-ppc64': [ '0.34.4' ],
335 silly audit   '@img/sharp-linux-s390x': [ '0.34.4' ],
335 silly audit   '@img/sharp-linux-x64': [ '0.34.4' ],
335 silly audit   '@img/sharp-linuxmusl-arm64': [ '0.34.4' ],
335 silly audit   '@img/sharp-linuxmusl-x64': [ '0.34.4' ],
335 silly audit   '@img/sharp-wasm32': [ '0.34.4' ],
335 silly audit   '@img/sharp-win32-arm64': [ '0.34.4' ],
335 silly audit   '@img/sharp-win32-ia32': [ '0.34.4' ],
335 silly audit   '@img/sharp-win32-x64': [ '0.34.4' ],
335 silly audit   '@isaacs/fs-minipass': [ '4.0.1' ],
335 silly audit   '@jridgewell/gen-mapping': [ '0.3.13' ],
335 silly audit   '@jridgewell/remapping': [ '2.3.5' ],
335 silly audit   '@jridgewell/resolve-uri': [ '3.1.2' ],
335 silly audit   '@jridgewell/sourcemap-codec': [ '1.5.5' ],
335 silly audit   '@jridgewell/trace-mapping': [ '0.3.31' ],
335 silly audit   '@napi-rs/wasm-runtime': [ '0.2.12' ],
335 silly audit   '@next/env': [ '15.5.5' ],
335 silly audit   '@next/eslint-plugin-next': [ '15.5.5' ],
335 silly audit   '@next/swc-darwin-arm64': [ '15.5.5' ],
335 silly audit   '@next/swc-darwin-x64': [ '15.5.5' ],
335 silly audit   '@next/swc-linux-arm64-gnu': [ '15.5.5' ],
335 silly audit   '@next/swc-linux-arm64-musl': [ '15.5.5' ],
335 silly audit   '@next/swc-linux-x64-gnu': [ '15.5.5' ],
335 silly audit   '@next/swc-linux-x64-musl': [ '15.5.5' ],
335 silly audit   '@next/swc-win32-arm64-msvc': [ '15.5.5' ],
335 silly audit   '@next/swc-win32-x64-msvc': [ '15.5.5' ],
335 silly audit   '@nodelib/fs.scandir': [ '2.1.5' ],
335 silly audit   '@nodelib/fs.stat': [ '2.0.5' ],
335 silly audit   '@nodelib/fs.walk': [ '1.2.8' ],
335 silly audit   '@nolyfill/is-core-module': [ '1.0.39' ],
335 silly audit   '@protobufjs/aspromise': [ '1.1.2' ],
335 silly audit   '@protobufjs/base64': [ '1.1.2' ],
335 silly audit   '@protobufjs/codegen': [ '2.0.4' ],
335 silly audit   '@protobufjs/eventemitter': [ '1.1.0' ],
335 silly audit   '@protobufjs/fetch': [ '1.1.0' ],
335 silly audit   '@protobufjs/float': [ '1.0.2' ],
335 silly audit   '@protobufjs/inquire': [ '1.1.0' ],
335 silly audit   '@protobufjs/path': [ '1.1.2' ],
335 silly audit   '@protobufjs/pool': [ '1.1.0' ],
335 silly audit   '@protobufjs/utf8': [ '1.1.0' ],
335 silly audit   '@rtsao/scc': [ '1.1.0' ],
335 silly audit   '@rushstack/eslint-patch': [ '1.14.0' ],
335 silly audit   '@swc/helpers': [ '0.5.15' ],
335 silly audit   '@tailwindcss/node': [ '4.1.14' ],
335 silly audit   '@tailwindcss/oxide': [ '4.1.14' ],
335 silly audit   '@tailwindcss/oxide-android-arm64': [ '4.1.14' ],
335 silly audit   '@tailwindcss/oxide-darwin-arm64': [ '4.1.14' ],
335 silly audit   '@tailwindcss/oxide-darwin-x64': [ '4.1.14' ],
335 silly audit   '@tailwindcss/oxide-freebsd-x64': [ '4.1.14' ],
335 silly audit   '@tailwindcss/oxide-linux-arm-gnueabihf': [ '4.1.14' ],
335 silly audit   '@tailwindcss/oxide-linux-arm64-gnu': [ '4.1.14' ],
335 silly audit   '@tailwindcss/oxide-linux-arm64-musl': [ '4.1.14' ],
335 silly audit   '@tailwindcss/oxide-linux-x64-gnu': [ '4.1.14' ],
335 silly audit   '@tailwindcss/oxide-linux-x64-musl': [ '4.1.14' ],
335 silly audit   '@tailwindcss/oxide-wasm32-wasi': [ '4.1.14' ],
335 silly audit   '@tailwindcss/oxide-win32-arm64-msvc': [ '4.1.14' ],
335 silly audit   '@tailwindcss/oxide-win32-x64-msvc': [ '4.1.14' ],
335 silly audit   '@tailwindcss/postcss': [ '4.1.14' ],
335 silly audit   '@tybys/wasm-util': [ '0.10.1' ],
335 silly audit   '@types/estree': [ '1.0.8' ],
335 silly audit   '@types/json-schema': [ '7.0.15' ],
335 silly audit   '@types/json5': [ '0.0.29' ],
335 silly audit   '@types/node': [ '20.19.21' ],
335 silly audit   '@types/react': [ '19.2.2' ],
335 silly audit   '@types/react-dom': [ '19.2.2' ],
335 silly audit   '@typescript-eslint/eslint-plugin': [ '8.46.1' ],
335 silly audit   ignore: [ '7.0.5', '5.3.2' ],
335 silly audit   '@typescript-eslint/parser': [ '8.46.1' ],
335 silly audit   '@typescript-eslint/project-service': [ '8.46.1' ],
335 silly audit   '@typescript-eslint/scope-manager': [ '8.46.1' ],
335 silly audit   '@typescript-eslint/tsconfig-utils': [ '8.46.1' ],
335 silly audit   '@typescript-eslint/type-utils': [ '8.46.1' ],
335 silly audit   '@typescript-eslint/types': [ '8.46.1' ],
335 silly audit   '@typescript-eslint/typescript-estree': [ '8.46.1' ],
335 silly audit   'brace-expansion': [ '2.0.2', '1.1.12' ],
335 silly audit   'fast-glob': [ '3.3.3', '3.3.1' ],
335 silly audit   'glob-parent': [ '5.1.2', '6.0.2' ],
335 silly audit   minimatch: [ '9.0.5', '3.1.2' ],
335 silly audit   '@typescript-eslint/utils': [ '8.46.1' ],
335 silly audit   '@typescript-eslint/visitor-keys': [ '8.46.1' ],
335 silly audit   '@unrs/resolver-binding-android-arm-eabi': [ '1.11.1' ],
335 silly audit   '@unrs/resolver-binding-android-arm64': [ '1.11.1' ],
335 silly audit   '@unrs/resolver-binding-darwin-arm64': [ '1.11.1' ],
335 silly audit   '@unrs/resolver-binding-darwin-x64': [ '1.11.1' ],
335 silly audit   '@unrs/resolver-binding-freebsd-x64': [ '1.11.1' ],
335 silly audit   '@unrs/resolver-binding-linux-arm-gnueabihf': [ '1.11.1' ],
335 silly audit   '@unrs/resolver-binding-linux-arm-musleabihf': [ '1.11.1' ],
335 silly audit   '@unrs/resolver-binding-linux-arm64-gnu': [ '1.11.1' ],
335 silly audit   '@unrs/resolver-binding-linux-arm64-musl': [ '1.11.1' ],
335 silly audit   '@unrs/resolver-binding-linux-ppc64-gnu': [ '1.11.1' ],
335 silly audit   '@unrs/resolver-binding-linux-riscv64-gnu': [ '1.11.1' ],
335 silly audit   '@unrs/resolver-binding-linux-riscv64-musl': [ '1.11.1' ],
335 silly audit   '@unrs/resolver-binding-linux-s390x-gnu': [ '1.11.1' ],
335 silly audit   '@unrs/resolver-binding-linux-x64-gnu': [ '1.11.1' ],
335 silly audit   '@unrs/resolver-binding-linux-x64-musl': [ '1.11.1' ],
335 silly audit   '@unrs/resolver-binding-wasm32-wasi': [ '1.11.1' ],
335 silly audit   '@unrs/resolver-binding-win32-arm64-msvc': [ '1.11.1' ],
335 silly audit   '@unrs/resolver-binding-win32-ia32-msvc': [ '1.11.1' ],
335 silly audit   '@unrs/resolver-binding-win32-x64-msvc': [ '1.11.1' ],
335 silly audit   acorn: [ '8.15.0' ],
335 silly audit   'acorn-jsx': [ '5.3.2' ],
335 silly audit   ajv: [ '6.12.6' ],
335 silly audit   'ansi-regex': [ '5.0.1' ],
335 silly audit   'ansi-styles': [ '4.3.0' ],
335 silly audit   argparse: [ '2.0.1' ],
335 silly audit   'aria-query': [ '5.3.2' ],
335 silly audit   'array-buffer-byte-length': [ '1.0.2' ],
335 silly audit   'array-includes': [ '3.1.9' ],
335 silly audit   'array.prototype.findlast': [ '1.2.5' ],
335 silly audit   'array.prototype.findlastindex': [ '1.2.6' ],
335 silly audit   'array.prototype.flat': [ '1.3.3' ],
335 silly audit   'array.prototype.flatmap': [ '1.3.3' ],
335 silly audit   'array.prototype.tosorted': [ '1.1.4' ],
335 silly audit   'arraybuffer.prototype.slice': [ '1.0.4' ],
335 silly audit   'ast-types-flow': [ '0.0.8' ],
335 silly audit   'async-function': [ '1.0.0' ],
335 silly audit   'available-typed-arrays': [ '1.0.7' ],
335 silly audit   'axe-core': [ '4.11.0' ],
335 silly audit   'axobject-query': [ '4.1.0' ],
335 silly audit   'balanced-match': [ '1.0.2' ],
335 silly audit   braces: [ '3.0.3' ],
335 silly audit   'call-bind': [ '1.0.8' ],
335 silly audit   'call-bind-apply-helpers': [ '1.0.2' ],
335 silly audit   'call-bound': [ '1.0.4' ],
335 silly audit   callsites: [ '3.1.0' ],
335 silly audit   'caniuse-lite': [ '1.0.30001750' ],
335 silly audit   chalk: [ '4.1.2' ],
335 silly audit   chownr: [ '3.0.0' ],
335 silly audit   'client-only': [ '0.0.1' ],
335 silly audit   cliui: [ '8.0.1' ],
335 silly audit   'color-convert': [ '2.0.1' ],
335 silly audit   'color-name': [ '1.1.4' ],
335 silly audit   'concat-map': [ '0.0.1' ],
335 silly audit   'cross-spawn': [ '7.0.6' ],
335 silly audit   csstype: [ '3.1.3' ],
335 silly audit   'damerau-levenshtein': [ '1.0.8' ],
335 silly audit   'data-view-buffer': [ '1.0.2' ],
335 silly audit   'data-view-byte-length': [ '1.0.2' ],
335 silly audit   'data-view-byte-offset': [ '1.0.1' ],
335 silly audit   debug: [ '4.4.3', '3.2.7' ],
335 silly audit   'deep-is': [ '0.1.4' ],
335 silly audit   'define-data-property': [ '1.1.4' ],
335 silly audit   'define-properties': [ '1.2.1' ],
335 silly audit   'detect-libc': [ '2.1.2' ],
335 silly audit   doctrine: [ '2.1.0' ],
335 silly audit   'dunder-proto': [ '1.0.1' ],
335 silly audit   'emoji-regex': [ '9.2.2', '8.0.0' ],
335 silly audit   'enhanced-resolve': [ '5.18.3' ],
335 silly audit   'es-abstract': [ '1.24.0' ],
335 silly audit   'es-define-property': [ '1.0.1' ],
335 silly audit   'es-errors': [ '1.3.0' ],
335 silly audit   'es-iterator-helpers': [ '1.2.1' ],
335 silly audit   'es-object-atoms': [ '1.1.1' ],
335 silly audit   'es-set-tostringtag': [ '2.1.0' ],
335 silly audit   'es-shim-unscopables': [ '1.1.0' ],
335 silly audit   'es-to-primitive': [ '1.3.0' ],
335 silly audit   escalade: [ '3.2.0' ],
335 silly audit   'escape-string-regexp': [ '4.0.0' ],
335 silly audit   eslint: [ '9.37.0' ],
335 silly audit   'eslint-config-next': [ '15.5.5' ],
335 silly audit   'eslint-import-resolver-node': [ '0.3.9' ],
335 silly audit   'eslint-import-resolver-typescript': [ '3.10.1' ],
335 silly audit   'eslint-module-utils': [ '2.12.1' ],
335 silly audit   'eslint-plugin-import': [ '2.32.0' ],
335 silly audit   semver: [ '6.3.1', '7.7.3' ],
335 silly audit   'eslint-plugin-jsx-a11y': [ '6.10.2' ],
335 silly audit   'eslint-plugin-react': [ '7.37.5' ],
335 silly audit   'eslint-plugin-react-hooks': [ '5.2.0' ],
335 silly audit   resolve: [ '2.0.0-next.5', '1.22.10' ],
335 silly audit   'eslint-scope': [ '8.4.0' ],
335 silly audit   espree: [ '10.4.0' ],
335 silly audit   esquery: [ '1.6.0' ],
335 silly audit   esrecurse: [ '4.3.0' ],
335 silly audit   estraverse: [ '5.3.0' ],
335 silly audit   esutils: [ '2.0.3' ],
335 silly audit   'fast-deep-equal': [ '3.1.3' ],
335 silly audit   'fast-json-stable-stringify': [ '2.1.0' ],
335 silly audit   'fast-levenshtein': [ '2.0.6' ],
335 silly audit   fastq: [ '1.19.1' ],
335 silly audit   'faye-websocket': [ '0.11.4' ],
335 silly audit   'file-entry-cache': [ '8.0.0' ],
335 silly audit   'fill-range': [ '7.1.1' ],
335 silly audit   'find-up': [ '5.0.0' ],
335 silly audit   firebase: [ '12.4.0' ],
335 silly audit   'flat-cache': [ '4.0.1' ],
335 silly audit   flatted: [ '3.3.3' ],
335 silly audit   'for-each': [ '0.3.5' ],
335 silly audit   'function-bind': [ '1.1.2' ],
335 silly audit   'function.prototype.name': [ '1.1.8' ],
335 silly audit   'functions-have-names': [ '1.2.3' ],
335 silly audit   'generator-function': [ '2.0.1' ],
335 silly audit   'get-caller-file': [ '2.0.5' ],
335 silly audit   'get-intrinsic': [ '1.3.0' ],
335 silly audit   'get-proto': [ '1.0.1' ],
335 silly audit   'get-symbol-description': [ '1.1.0' ],
335 silly audit   'get-tsconfig': [ '4.12.0' ],
335 silly audit   globals: [ '14.0.0' ],
335 silly audit   globalthis: [ '1.0.4' ],
335 silly audit   gopd: [ '1.2.0' ],
335 silly audit   'graceful-fs': [ '4.2.11' ],
335 silly audit   graphemer: [ '1.4.0' ],
335 silly audit   'has-bigints': [ '1.1.0' ],
335 silly audit   'has-flag': [ '4.0.0' ],
335 silly audit   'has-property-descriptors': [ '1.0.2' ],
335 silly audit   'has-proto': [ '1.2.0' ],
335 silly audit   'has-symbols': [ '1.1.0' ],
335 silly audit   'has-tostringtag': [ '1.0.2' ],
335 silly audit   hasown: [ '2.0.2' ],
335 silly audit   'http-parser-js': [ '0.5.10' ],
335 silly audit   idb: [ '7.1.1' ],
335 silly audit   'import-fresh': [ '3.3.1' ],
335 silly audit   imurmurhash: [ '0.1.4' ],
335 silly audit   'internal-slot': [ '1.1.0' ],
335 silly audit   'is-array-buffer': [ '3.0.5' ],
335 silly audit   'is-async-function': [ '2.1.1' ],
335 silly audit   'is-bigint': [ '1.1.0' ],
335 silly audit   'is-boolean-object': [ '1.2.2' ],
335 silly audit   'is-bun-module': [ '2.0.0' ],
335 silly audit   'is-callable': [ '1.2.7' ],
335 silly audit   'is-core-module': [ '2.16.1' ],
335 silly audit   'is-data-view': [ '1.0.2' ],
335 silly audit   'is-date-object': [ '1.1.0' ],
335 silly audit   'is-extglob': [ '2.1.1' ],
335 silly audit   'is-finalizationregistry': [ '1.1.1' ],
335 silly audit   'is-fullwidth-code-point': [ '3.0.0' ],
335 silly audit   'is-generator-function': [ '1.1.2' ],
335 silly audit   'is-glob': [ '4.0.3' ],
335 silly audit   'is-map': [ '2.0.3' ],
335 silly audit   'is-negative-zero': [ '2.0.3' ],
335 silly audit   'is-number': [ '7.0.0' ],
335 silly audit   'is-number-object': [ '1.1.1' ],
335 silly audit   'is-regex': [ '1.2.1' ],
335 silly audit   'is-set': [ '2.0.3' ],
335 silly audit   'is-shared-array-buffer': [ '1.0.4' ],
335 silly audit   'is-string': [ '1.1.1' ],
335 silly audit   'is-symbol': [ '1.1.1' ],
335 silly audit   'is-typed-array': [ '1.1.15' ],
335 silly audit   'is-weakmap': [ '2.0.2' ],
335 silly audit   'is-weakref': [ '1.1.1' ],
335 silly audit   'is-weakset': [ '2.0.4' ],
335 silly audit   isarray: [ '2.0.5' ],
335 silly audit   isexe: [ '2.0.0' ],
335 silly audit   'iterator.prototype': [ '1.1.5' ],
335 silly audit   jiti: [ '2.6.1' ],
335 silly audit   'js-tokens': [ '4.0.0' ],
335 silly audit   'js-yaml': [ '4.1.0' ],
335 silly audit   'json-buffer': [ '3.0.1' ],
335 silly audit   'json-schema-traverse': [ '0.4.1' ],
335 silly audit   'json-stable-stringify-without-jsonify': [ '1.0.1' ],
335 silly audit   json5: [ '1.0.2' ],
335 silly audit   'jsx-ast-utils': [ '3.3.5' ],
335 silly audit   keyv: [ '4.5.4' ],
335 silly audit   'language-subtag-registry': [ '0.3.23' ],
335 silly audit   'language-tags': [ '1.0.9' ],
335 silly audit   levn: [ '0.4.1' ],
335 silly audit   lightningcss: [ '1.30.1' ],
335 silly audit   'lightningcss-darwin-arm64': [ '1.30.1' ],
335 silly audit   'lightningcss-darwin-x64': [ '1.30.1' ],
335 silly audit   'lightningcss-freebsd-x64': [ '1.30.1' ],
335 silly audit   'lightningcss-linux-arm-gnueabihf': [ '1.30.1' ],
335 silly audit   'lightningcss-linux-arm64-gnu': [ '1.30.1' ],
335 silly audit   'lightningcss-linux-arm64-musl': [ '1.30.1' ],
335 silly audit   'lightningcss-linux-x64-gnu': [ '1.30.1' ],
335 silly audit   'lightningcss-linux-x64-musl': [ '1.30.1' ],
335 silly audit   'lightningcss-win32-arm64-msvc': [ '1.30.1' ],
335 silly audit   'lightningcss-win32-x64-msvc': [ '1.30.1' ],
335 silly audit   'locate-path': [ '6.0.0' ],
335 silly audit   'lodash.camelcase': [ '4.3.0' ],
335 silly audit   'lodash.merge': [ '4.6.2' ],
335 silly audit   long: [ '5.3.2' ],
335 silly audit   'loose-envify': [ '1.4.0' ],
335 silly audit   'magic-string': [ '0.30.19' ],
335 silly audit   'math-intrinsics': [ '1.1.0' ],
335 silly audit   merge2: [ '1.4.1' ],
335 silly audit   micromatch: [ '4.0.8' ],
335 silly audit   minimist: [ '1.2.8' ],
335 silly audit   minipass: [ '7.1.2' ],
335 silly audit   minizlib: [ '3.1.0' ],
335 silly audit   ms: [ '2.1.3' ],
335 silly audit   nanoid: [ '3.3.11' ],
335 silly audit   'napi-postinstall': [ '0.3.4' ],
335 silly audit   'natural-compare': [ '1.4.0' ],
335 silly audit   next: [ '15.5.5' ],
335 silly audit   postcss: [ '8.4.31', '8.5.6' ],
335 silly audit   'object-assign': [ '4.1.1' ],
335 silly audit   'object-inspect': [ '1.13.4' ],
335 silly audit   'object-keys': [ '1.1.1' ],
335 silly audit   'object.assign': [ '4.1.7' ],
335 silly audit   'object.entries': [ '1.1.9' ],
335 silly audit   'object.fromentries': [ '2.0.8' ],
335 silly audit   'object.groupby': [ '1.0.3' ],
335 silly audit   'object.values': [ '1.2.1' ],
335 silly audit   optionator: [ '0.9.4' ],
335 silly audit   'own-keys': [ '1.0.1' ],
335 silly audit   'p-limit': [ '3.1.0' ],
335 silly audit   'p-locate': [ '5.0.0' ],
335 silly audit   'parent-module': [ '1.0.1' ],
335 silly audit   'path-exists': [ '4.0.0' ],
335 silly audit   'path-key': [ '3.1.1' ],
335 silly audit   'path-parse': [ '1.0.7' ],
335 silly audit   picocolors: [ '1.1.1' ],
335 silly audit   picomatch: [ '2.3.1', '4.0.3' ],
335 silly audit   'possible-typed-array-names': [ '1.1.0' ],
335 silly audit   'prelude-ls': [ '1.2.1' ],
335 silly audit   'prop-types': [ '15.8.1' ],
335 silly audit   protobufjs: [ '7.5.4' ],
335 silly audit   punycode: [ '2.3.1' ],
335 silly audit   'queue-microtask': [ '1.2.3' ],
335 silly audit   react: [ '19.1.0' ],
335 silly audit   'react-dom': [ '19.1.0' ],
335 silly audit   'react-is': [ '16.13.1', '19.2.0' ],
335 silly audit   'reflect.getprototypeof': [ '1.0.10' ],
335 silly audit   'regexp.prototype.flags': [ '1.5.4' ],
335 silly audit   'require-directory': [ '2.1.1' ],
335 silly audit   'resolve-from': [ '4.0.0' ],
335 silly audit   'resolve-pkg-maps': [ '1.0.0' ],
335 silly audit   reusify: [ '1.1.0' ],
335 silly audit   'run-parallel': [ '1.2.0' ],
335 silly audit   'safe-array-concat': [ '1.1.3' ],
335 silly audit   'safe-buffer': [ '5.2.1' ],
335 silly audit   'safe-push-apply': [ '1.0.0' ],
335 silly audit   'safe-regex-test': [ '1.1.0' ],
335 silly audit   scheduler: [ '0.26.0' ],
335 silly audit   'set-function-length': [ '1.2.2' ],
335 silly audit   'set-function-name': [ '2.0.2' ],
335 silly audit   'set-proto': [ '1.0.0' ],
335 silly audit   sharp: [ '0.34.4' ],
335 silly audit   'shebang-command': [ '2.0.0' ],
335 silly audit   'shebang-regex': [ '3.0.0' ],
335 silly audit   'side-channel': [ '1.1.0' ],
335 silly audit   'side-channel-list': [ '1.0.0' ],
335 silly audit   'side-channel-map': [ '1.0.1' ],
335 silly audit   'side-channel-weakmap': [ '1.0.2' ],
335 silly audit   'source-map-js': [ '1.2.1' ],
335 silly audit   'stable-hash': [ '0.0.5' ],
335 silly audit   'stop-iteration-iterator': [ '1.1.0' ],
335 silly audit   'string-width': [ '4.2.3' ],
335 silly audit   'string.prototype.includes': [ '2.0.1' ],
335 silly audit   'string.prototype.matchall': [ '4.0.12' ],
335 silly audit   'string.prototype.repeat': [ '1.0.0' ],
335 silly audit   'string.prototype.trim': [ '1.2.10' ],
335 silly audit   'string.prototype.trimend': [ '1.0.9' ],
335 silly audit   'string.prototype.trimstart': [ '1.0.8' ],
335 silly audit   'strip-ansi': [ '6.0.1' ],
335 silly audit   'strip-bom': [ '3.0.0' ],
335 silly audit   'strip-json-comments': [ '3.1.1' ],
335 silly audit   'styled-jsx': [ '5.1.6' ],
335 silly audit   'supports-color': [ '7.2.0' ],
335 silly audit   'supports-preserve-symlinks-flag': [ '1.0.0' ],
335 silly audit   tailwindcss: [ '4.1.14' ],
335 silly audit   tapable: [ '2.3.0' ],
335 silly audit   tar: [ '7.5.1' ],
335 silly audit   tinyglobby: [ '0.2.15' ],
335 silly audit   fdir: [ '6.5.0' ],
335 silly audit   'to-regex-range': [ '5.0.1' ],
335 silly audit   'ts-api-utils': [ '2.1.0' ],
335 silly audit   'tsconfig-paths': [ '3.15.0' ],
335 silly audit   tslib: [ '2.8.1' ],
335 silly audit   'type-check': [ '0.4.0' ],
335 silly audit   'typed-array-buffer': [ '1.0.3' ],
335 silly audit   'typed-array-byte-length': [ '1.0.3' ],
335 silly audit   'typed-array-byte-offset': [ '1.0.4' ],
335 silly audit   'typed-array-length': [ '1.0.7' ],
335 silly audit   typescript: [ '5.9.3' ],
335 silly audit   'unbox-primitive': [ '1.1.0' ],
335 silly audit   'undici-types': [ '6.21.0' ],
335 silly audit   'unrs-resolver': [ '1.11.1' ],
335 silly audit   'uri-js': [ '4.4.1' ],
335 silly audit   'web-vitals': [ '4.2.4' ],
335 silly audit   'websocket-driver': [ '0.7.4' ],
335 silly audit   'websocket-extensions': [ '0.1.4' ],
335 silly audit   which: [ '2.0.2' ],
335 silly audit   'which-boxed-primitive': [ '1.1.1' ],
335 silly audit   'which-builtin-type': [ '1.2.1' ],
335 silly audit   'which-collection': [ '1.0.2' ],
335 silly audit   'which-typed-array': [ '1.1.19' ],
335 silly audit   'word-wrap': [ '1.2.5' ],
335 silly audit   'wrap-ansi': [ '7.0.0' ],
335 silly audit   y18n: [ '5.0.8' ],
335 silly audit   yallist: [ '5.0.0' ],
335 silly audit   yargs: [ '17.7.2' ],
335 silly audit   'yargs-parser': [ '21.1.1' ],
335 silly audit   'yocto-queue': [ '0.1.0' ],
335 silly audit   '@emotion/react': [ '11.14.0' ],
335 silly audit   '@emotion/styled': [ '11.14.1' ],
335 silly audit   '@mui/icons-material': [ '7.3.4' ],
335 silly audit   '@mui/material': [ '7.3.4' ],
335 silly audit   '@babel/runtime': [ '7.28.4' ],
335 silly audit   '@emotion/babel-plugin': [ '11.13.5' ],
335 silly audit   '@emotion/cache': [ '11.14.0' ],
335 silly audit   '@emotion/serialize': [ '1.3.3' ],
335 silly audit   '@emotion/use-insertion-effect-with-fallbacks': [ '1.2.0' ],
335 silly audit   '@emotion/utils': [ '1.4.2' ],
335 silly audit   '@emotion/weak-memoize': [ '0.4.0' ],
335 silly audit   'hoist-non-react-statics': [ '3.3.2' ],
335 silly audit   '@babel/helper-module-imports': [ '7.27.1' ],
335 silly audit   '@emotion/hash': [ '0.9.2' ],
335 silly audit   '@emotion/memoize': [ '0.9.0' ],
335 silly audit   'babel-plugin-macros': [ '3.1.0' ],
335 silly audit   'convert-source-map': [ '1.9.0' ],
335 silly audit   'find-root': [ '1.1.0' ],
335 silly audit   'source-map': [ '0.5.7' ],
335 silly audit   stylis: [ '4.2.0' ],
335 silly audit   '@babel/traverse': [ '7.28.4' ],
335 silly audit   '@babel/types': [ '7.28.4' ],
335 silly audit   '@babel/code-frame': [ '7.27.1' ],
335 silly audit   '@babel/generator': [ '7.28.3' ],
335 silly audit   '@babel/helper-globals': [ '7.28.0' ],
335 silly audit   '@babel/parser': [ '7.28.4' ],
335 silly audit   '@babel/template': [ '7.27.2' ],
335 silly audit   '@babel/helper-validator-identifier': [ '7.27.1' ],
335 silly audit   jsesc: [ '3.1.0' ],
335 silly audit   '@babel/helper-string-parser': [ '7.27.1' ],
335 silly audit   '@emotion/sheet': [ '1.4.0' ],
335 silly audit   '@emotion/unitless': [ '0.10.0' ],
335 silly audit   '@emotion/is-prop-valid': [ '1.4.0' ],
335 silly audit   '@mui/core-downloads-tracker': [ '7.3.4' ],
335 silly audit   '@mui/system': [ '7.3.3' ],
335 silly audit   '@mui/types': [ '7.4.7' ],
335 silly audit   '@mui/utils': [ '7.3.3' ],
335 silly audit   '@popperjs/core': [ '2.11.8' ],
335 silly audit   '@types/react-transition-group': [ '4.4.12' ],
335 silly audit   clsx: [ '2.1.1' ],
335 silly audit   'react-transition-group': [ '4.4.5' ],
335 silly audit   '@mui/private-theming': [ '7.3.3' ],
335 silly audit   '@mui/styled-engine': [ '7.3.3' ],
335 silly audit   '@types/prop-types': [ '15.7.15' ],
335 silly audit   cosmiconfig: [ '7.1.0' ],
335 silly audit   '@types/parse-json': [ '4.0.2' ],
335 silly audit   'parse-json': [ '5.2.0' ],
335 silly audit   'path-type': [ '4.0.0' ],
335 silly audit   yaml: [ '1.10.2' ],
335 silly audit   'error-ex': [ '1.3.4' ],
335 silly audit   'json-parse-even-better-errors': [ '2.3.1' ],
335 silly audit   'lines-and-columns': [ '1.2.4' ],
335 silly audit   'is-arrayish': [ '0.2.1' ],
335 silly audit   'dom-helpers': [ '5.2.1' ]
335 silly audit }
336 http cache is-arrayish@https://registry.npmjs.org/is-arrayish/-/is-arrayish-0.2.1.tgz 0ms (cache hit)
337 http cache json-parse-even-better-errors@https://registry.npmjs.org/json-parse-even-better-errors/-/json-parse-even-better-errors-2.3.1.tgz 0ms (cache hit)
338 http cache lines-and-columns@https://registry.npmjs.org/lines-and-columns/-/lines-and-columns-1.2.4.tgz 0ms (cache hit)
339 http cache error-ex@https://registry.npmjs.org/error-ex/-/error-ex-1.3.4.tgz 0ms (cache hit)
340 http cache dom-helpers@https://registry.npmjs.org/dom-helpers/-/dom-helpers-5.2.1.tgz 0ms (cache hit)
341 http cache yaml@https://registry.npmjs.org/yaml/-/yaml-1.10.2.tgz 0ms (cache hit)
342 http cache parse-json@https://registry.npmjs.org/parse-json/-/parse-json-5.2.0.tgz 0ms (cache hit)
343 http cache path-type@https://registry.npmjs.org/path-type/-/path-type-4.0.0.tgz 0ms (cache hit)
344 http cache cosmiconfig@https://registry.npmjs.org/cosmiconfig/-/cosmiconfig-7.1.0.tgz 0ms (cache hit)
345 http cache @mui/styled-engine@https://registry.npmjs.org/@mui/styled-engine/-/styled-engine-7.3.3.tgz 0ms (cache hit)
346 http cache @mui/private-theming@https://registry.npmjs.org/@mui/private-theming/-/private-theming-7.3.3.tgz 0ms (cache hit)
347 http cache react-transition-group@https://registry.npmjs.org/react-transition-group/-/react-transition-group-4.4.5.tgz 0ms (cache hit)
348 http cache @types/parse-json@https://registry.npmjs.org/@types/parse-json/-/parse-json-4.0.2.tgz 0ms (cache hit)
349 http cache clsx@https://registry.npmjs.org/clsx/-/clsx-2.1.1.tgz 0ms (cache hit)
350 http cache @types/prop-types@https://registry.npmjs.org/@types/prop-types/-/prop-types-15.7.15.tgz 0ms (cache hit)
351 http cache @popperjs/core@https://registry.npmjs.org/@popperjs/core/-/core-2.11.8.tgz 0ms (cache hit)
352 http cache @mui/utils@https://registry.npmjs.org/@mui/utils/-/utils-7.3.3.tgz 0ms (cache hit)
353 http cache @types/react-transition-group@https://registry.npmjs.org/@types/react-transition-group/-/react-transition-group-4.4.12.tgz 0ms (cache hit)
354 http cache @mui/types@https://registry.npmjs.org/@mui/types/-/types-7.4.7.tgz 0ms (cache hit)
355 http cache @emotion/is-prop-valid@https://registry.npmjs.org/@emotion/is-prop-valid/-/is-prop-valid-1.4.0.tgz 0ms (cache hit)
356 http cache @emotion/unitless@https://registry.npmjs.org/@emotion/unitless/-/unitless-0.10.0.tgz 0ms (cache hit)
357 http cache @emotion/sheet@https://registry.npmjs.org/@emotion/sheet/-/sheet-1.4.0.tgz 0ms (cache hit)
358 http cache @mui/system@https://registry.npmjs.org/@mui/system/-/system-7.3.3.tgz 0ms (cache hit)
359 http cache @babel/helper-string-parser@https://registry.npmjs.org/@babel/helper-string-parser/-/helper-string-parser-7.27.1.tgz 0ms (cache hit)
360 http cache jsesc@https://registry.npmjs.org/jsesc/-/jsesc-3.1.0.tgz 0ms (cache hit)
361 http cache @mui/core-downloads-tracker@https://registry.npmjs.org/@mui/core-downloads-tracker/-/core-downloads-tracker-7.3.4.tgz 0ms (cache hit)
362 http cache @babel/template@https://registry.npmjs.org/@babel/template/-/template-7.27.2.tgz 0ms (cache hit)
363 http cache @babel/parser@https://registry.npmjs.org/@babel/parser/-/parser-7.28.4.tgz 1ms (cache hit)
364 http cache @babel/generator@https://registry.npmjs.org/@babel/generator/-/generator-7.28.3.tgz 0ms (cache hit)
365 http cache @babel/helper-globals@https://registry.npmjs.org/@babel/helper-globals/-/helper-globals-7.28.0.tgz 0ms (cache hit)
366 http cache @babel/code-frame@https://registry.npmjs.org/@babel/code-frame/-/code-frame-7.27.1.tgz 0ms (cache hit)
367 http cache @babel/helper-validator-identifier@https://registry.npmjs.org/@babel/helper-validator-identifier/-/helper-validator-identifier-7.27.1.tgz 0ms (cache hit)
368 http cache stylis@https://registry.npmjs.org/stylis/-/stylis-4.2.0.tgz 0ms (cache hit)
369 http cache @babel/types@https://registry.npmjs.org/@babel/types/-/types-7.28.4.tgz 0ms (cache hit)
370 http cache source-map@https://registry.npmjs.org/source-map/-/source-map-0.5.7.tgz 0ms (cache hit)
371 http cache find-root@https://registry.npmjs.org/find-root/-/find-root-1.1.0.tgz 0ms (cache hit)
372 http cache convert-source-map@https://registry.npmjs.org/convert-source-map/-/convert-source-map-1.9.0.tgz 0ms (cache hit)
373 http cache @emotion/memoize@https://registry.npmjs.org/@emotion/memoize/-/memoize-0.9.0.tgz 0ms (cache hit)
374 http cache @babel/traverse@https://registry.npmjs.org/@babel/traverse/-/traverse-7.28.4.tgz 0ms (cache hit)
375 http cache babel-plugin-macros@https://registry.npmjs.org/babel-plugin-macros/-/babel-plugin-macros-3.1.0.tgz 0ms (cache hit)
376 http cache @babel/helper-module-imports@https://registry.npmjs.org/@babel/helper-module-imports/-/helper-module-imports-7.27.1.tgz 0ms (cache hit)
377 http cache @emotion/hash@https://registry.npmjs.org/@emotion/hash/-/hash-0.9.2.tgz 0ms (cache hit)
378 http cache hoist-non-react-statics@https://registry.npmjs.org/hoist-non-react-statics/-/hoist-non-react-statics-3.3.2.tgz 0ms (cache hit)
379 http cache @emotion/weak-memoize@https://registry.npmjs.org/@emotion/weak-memoize/-/weak-memoize-0.4.0.tgz 0ms (cache hit)
380 http cache @emotion/use-insertion-effect-with-fallbacks@https://registry.npmjs.org/@emotion/use-insertion-effect-with-fallbacks/-/use-insertion-effect-with-fallbacks-1.2.0.tgz 0ms (cache hit)
381 http cache @emotion/utils@https://registry.npmjs.org/@emotion/utils/-/utils-1.4.2.tgz 0ms (cache hit)
382 http cache @emotion/cache@https://registry.npmjs.org/@emotion/cache/-/cache-11.14.0.tgz 0ms (cache hit)
383 http cache @emotion/babel-plugin@https://registry.npmjs.org/@emotion/babel-plugin/-/babel-plugin-11.13.5.tgz 0ms (cache hit)
384 http cache @emotion/serialize@https://registry.npmjs.org/@emotion/serialize/-/serialize-1.3.3.tgz 0ms (cache hit)
385 http cache @babel/runtime@https://registry.npmjs.org/@babel/runtime/-/runtime-7.28.4.tgz 0ms (cache hit)
386 http cache @mui/icons-material@https://registry.npmjs.org/@mui/icons-material/-/icons-material-7.3.4.tgz 0ms (cache hit)
387 http cache @mui/material@https://registry.npmjs.org/@mui/material/-/material-7.3.4.tgz 0ms (cache hit)
388 http cache @emotion/styled@https://registry.npmjs.org/@emotion/styled/-/styled-11.14.1.tgz 0ms (cache hit)
389 http cache react-is@https://registry.npmjs.org/react-is/-/react-is-19.2.0.tgz 0ms (cache hit)
390 http cache @emotion/react@https://registry.npmjs.org/@emotion/react/-/react-11.14.0.tgz 0ms (cache hit)
391 silly tarball no local data for is-arrayish@https://registry.npmjs.org/is-arrayish/-/is-arrayish-0.2.1.tgz. Extracting by manifest.
392 silly tarball no local data for json-parse-even-better-errors@https://registry.npmjs.org/json-parse-even-better-errors/-/json-parse-even-better-errors-2.3.1.tgz. Extracting by manifest.
393 http cache react-is@https://registry.npmjs.org/react-is/-/react-is-19.2.0.tgz 0ms (cache hit)
394 silly tarball no local data for lines-and-columns@https://registry.npmjs.org/lines-and-columns/-/lines-and-columns-1.2.4.tgz. Extracting by manifest.
395 silly tarball no local data for error-ex@https://registry.npmjs.org/error-ex/-/error-ex-1.3.4.tgz. Extracting by manifest.
396 silly tarball no local data for dom-helpers@https://registry.npmjs.org/dom-helpers/-/dom-helpers-5.2.1.tgz. Extracting by manifest.
397 silly tarball no local data for yaml@https://registry.npmjs.org/yaml/-/yaml-1.10.2.tgz. Extracting by manifest.
398 silly tarball no local data for parse-json@https://registry.npmjs.org/parse-json/-/parse-json-5.2.0.tgz. Extracting by manifest.
399 silly tarball no local data for path-type@https://registry.npmjs.org/path-type/-/path-type-4.0.0.tgz. Extracting by manifest.
400 silly tarball no local data for cosmiconfig@https://registry.npmjs.org/cosmiconfig/-/cosmiconfig-7.1.0.tgz. Extracting by manifest.
401 silly tarball no local data for @mui/styled-engine@https://registry.npmjs.org/@mui/styled-engine/-/styled-engine-7.3.3.tgz. Extracting by manifest.
402 silly tarball no local data for @mui/private-theming@https://registry.npmjs.org/@mui/private-theming/-/private-theming-7.3.3.tgz. Extracting by manifest.
403 silly tarball no local data for react-transition-group@https://registry.npmjs.org/react-transition-group/-/react-transition-group-4.4.5.tgz. Extracting by manifest.
404 silly tarball no local data for @types/parse-json@https://registry.npmjs.org/@types/parse-json/-/parse-json-4.0.2.tgz. Extracting by manifest.
405 silly tarball no local data for clsx@https://registry.npmjs.org/clsx/-/clsx-2.1.1.tgz. Extracting by manifest.
406 silly tarball no local data for @types/prop-types@https://registry.npmjs.org/@types/prop-types/-/prop-types-15.7.15.tgz. Extracting by manifest.
407 silly tarball no local data for @popperjs/core@https://registry.npmjs.org/@popperjs/core/-/core-2.11.8.tgz. Extracting by manifest.
408 silly tarball no local data for @mui/utils@https://registry.npmjs.org/@mui/utils/-/utils-7.3.3.tgz. Extracting by manifest.
409 silly tarball no local data for @types/react-transition-group@https://registry.npmjs.org/@types/react-transition-group/-/react-transition-group-4.4.12.tgz. Extracting by manifest.
410 silly tarball no local data for @mui/types@https://registry.npmjs.org/@mui/types/-/types-7.4.7.tgz. Extracting by manifest.
411 silly tarball no local data for @emotion/is-prop-valid@https://registry.npmjs.org/@emotion/is-prop-valid/-/is-prop-valid-1.4.0.tgz. Extracting by manifest.
412 silly tarball no local data for @emotion/unitless@https://registry.npmjs.org/@emotion/unitless/-/unitless-0.10.0.tgz. Extracting by manifest.
413 silly tarball no local data for @emotion/sheet@https://registry.npmjs.org/@emotion/sheet/-/sheet-1.4.0.tgz. Extracting by manifest.
414 silly tarball no local data for @mui/system@https://registry.npmjs.org/@mui/system/-/system-7.3.3.tgz. Extracting by manifest.
415 silly tarball no local data for @babel/helper-string-parser@https://registry.npmjs.org/@babel/helper-string-parser/-/helper-string-parser-7.27.1.tgz. Extracting by manifest.
416 silly tarball no local data for jsesc@https://registry.npmjs.org/jsesc/-/jsesc-3.1.0.tgz. Extracting by manifest.
417 silly tarball no local data for @mui/core-downloads-tracker@https://registry.npmjs.org/@mui/core-downloads-tracker/-/core-downloads-tracker-7.3.4.tgz. Extracting by manifest.
418 silly tarball no local data for @babel/template@https://registry.npmjs.org/@babel/template/-/template-7.27.2.tgz. Extracting by manifest.
419 silly tarball no local data for @babel/parser@https://registry.npmjs.org/@babel/parser/-/parser-7.28.4.tgz. Extracting by manifest.
420 silly tarball no local data for @babel/generator@https://registry.npmjs.org/@babel/generator/-/generator-7.28.3.tgz. Extracting by manifest.
421 silly tarball no local data for @babel/helper-globals@https://registry.npmjs.org/@babel/helper-globals/-/helper-globals-7.28.0.tgz. Extracting by manifest.
422 silly tarball no local data for @babel/code-frame@https://registry.npmjs.org/@babel/code-frame/-/code-frame-7.27.1.tgz. Extracting by manifest.
423 silly tarball no local data for @babel/helper-validator-identifier@https://registry.npmjs.org/@babel/helper-validator-identifier/-/helper-validator-identifier-7.27.1.tgz. Extracting by manifest.
424 silly tarball no local data for stylis@https://registry.npmjs.org/stylis/-/stylis-4.2.0.tgz. Extracting by manifest.
425 silly tarball no local data for @babel/types@https://registry.npmjs.org/@babel/types/-/types-7.28.4.tgz. Extracting by manifest.
426 silly tarball no local data for source-map@https://registry.npmjs.org/source-map/-/source-map-0.5.7.tgz. Extracting by manifest.
427 silly tarball no local data for find-root@https://registry.npmjs.org/find-root/-/find-root-1.1.0.tgz. Extracting by manifest.
428 silly tarball no local data for convert-source-map@https://registry.npmjs.org/convert-source-map/-/convert-source-map-1.9.0.tgz. Extracting by manifest.
429 silly tarball no local data for @emotion/memoize@https://registry.npmjs.org/@emotion/memoize/-/memoize-0.9.0.tgz. Extracting by manifest.
430 silly tarball no local data for @babel/traverse@https://registry.npmjs.org/@babel/traverse/-/traverse-7.28.4.tgz. Extracting by manifest.
431 silly tarball no local data for babel-plugin-macros@https://registry.npmjs.org/babel-plugin-macros/-/babel-plugin-macros-3.1.0.tgz. Extracting by manifest.
432 silly tarball no local data for @babel/helper-module-imports@https://registry.npmjs.org/@babel/helper-module-imports/-/helper-module-imports-7.27.1.tgz. Extracting by manifest.
433 silly tarball no local data for @emotion/hash@https://registry.npmjs.org/@emotion/hash/-/hash-0.9.2.tgz. Extracting by manifest.
434 silly tarball no local data for hoist-non-react-statics@https://registry.npmjs.org/hoist-non-react-statics/-/hoist-non-react-statics-3.3.2.tgz. Extracting by manifest.
435 silly tarball no local data for @emotion/weak-memoize@https://registry.npmjs.org/@emotion/weak-memoize/-/weak-memoize-0.4.0.tgz. Extracting by manifest.
436 silly tarball no local data for @emotion/use-insertion-effect-with-fallbacks@https://registry.npmjs.org/@emotion/use-insertion-effect-with-fallbacks/-/use-insertion-effect-with-fallbacks-1.2.0.tgz. Extracting by manifest.
437 silly tarball no local data for @emotion/utils@https://registry.npmjs.org/@emotion/utils/-/utils-1.4.2.tgz. Extracting by manifest.
438 silly tarball no local data for @emotion/cache@https://registry.npmjs.org/@emotion/cache/-/cache-11.14.0.tgz. Extracting by manifest.
439 silly tarball no local data for @emotion/babel-plugin@https://registry.npmjs.org/@emotion/babel-plugin/-/babel-plugin-11.13.5.tgz. Extracting by manifest.
440 silly tarball no local data for @emotion/serialize@https://registry.npmjs.org/@emotion/serialize/-/serialize-1.3.3.tgz. Extracting by manifest.
441 silly tarball no local data for @babel/runtime@https://registry.npmjs.org/@babel/runtime/-/runtime-7.28.4.tgz. Extracting by manifest.
442 silly tarball no local data for @mui/icons-material@https://registry.npmjs.org/@mui/icons-material/-/icons-material-7.3.4.tgz. Extracting by manifest.
443 silly tarball no local data for @mui/material@https://registry.npmjs.org/@mui/material/-/material-7.3.4.tgz. Extracting by manifest.
444 silly tarball no local data for @emotion/styled@https://registry.npmjs.org/@emotion/styled/-/styled-11.14.1.tgz. Extracting by manifest.
445 silly tarball no local data for react-is@https://registry.npmjs.org/react-is/-/react-is-19.2.0.tgz. Extracting by manifest.
446 silly tarball no local data for @emotion/react@https://registry.npmjs.org/@emotion/react/-/react-11.14.0.tgz. Extracting by manifest.
447 silly tarball no local data for react-is@https://registry.npmjs.org/react-is/-/react-is-19.2.0.tgz. Extracting by manifest.
448 http fetch GET 200 https://registry.npmjs.org/lines-and-columns/-/lines-and-columns-1.2.4.tgz 75ms (cache miss)
449 http fetch GET 200 https://registry.npmjs.org/is-arrayish/-/is-arrayish-0.2.1.tgz 76ms (cache miss)
450 http fetch GET 200 https://registry.npmjs.org/path-type/-/path-type-4.0.0.tgz 75ms (cache miss)
451 http fetch GET 200 https://registry.npmjs.org/parse-json/-/parse-json-5.2.0.tgz 75ms (cache miss)
452 http fetch GET 200 https://registry.npmjs.org/json-parse-even-better-errors/-/json-parse-even-better-errors-2.3.1.tgz 78ms (cache miss)
453 http fetch GET 200 https://registry.npmjs.org/error-ex/-/error-ex-1.3.4.tgz 77ms (cache miss)
454 http fetch GET 200 https://registry.npmjs.org/@types/prop-types/-/prop-types-15.7.15.tgz 96ms (cache miss)
455 http fetch GET 200 https://registry.npmjs.org/yaml/-/yaml-1.10.2.tgz 101ms (cache miss)
456 http fetch GET 200 https://registry.npmjs.org/@types/react-transition-group/-/react-transition-group-4.4.12.tgz 102ms (cache miss)
457 http fetch GET 200 https://registry.npmjs.org/@emotion/unitless/-/unitless-0.10.0.tgz 121ms (cache miss)
458 http fetch GET 200 https://registry.npmjs.org/cosmiconfig/-/cosmiconfig-7.1.0.tgz 128ms (cache miss)
459 http fetch GET 200 https://registry.npmjs.org/@emotion/sheet/-/sheet-1.4.0.tgz 131ms (cache miss)
460 http fetch GET 200 https://registry.npmjs.org/jsesc/-/jsesc-3.1.0.tgz 133ms (cache miss)
461 http fetch GET 200 https://registry.npmjs.org/@babel/helper-string-parser/-/helper-string-parser-7.27.1.tgz 140ms (cache miss)
462 http fetch GET 200 https://registry.npmjs.org/dom-helpers/-/dom-helpers-5.2.1.tgz 161ms (cache miss)
463 http fetch GET 200 https://registry.npmjs.org/@babel/template/-/template-7.27.2.tgz 169ms (cache miss)
464 http fetch POST 200 https://registry.npmjs.org/-/npm/v1/security/advisories/bulk 207ms
465 silly audit report {}
466 http fetch GET 200 https://registry.npmjs.org/@babel/generator/-/generator-7.28.3.tgz 190ms (cache miss)
467 http fetch GET 200 https://registry.npmjs.org/@babel/helper-globals/-/helper-globals-7.28.0.tgz 191ms (cache miss)
468 http fetch GET 200 https://registry.npmjs.org/@popperjs/core/-/core-2.11.8.tgz 198ms (cache miss)
469 http fetch GET 200 https://registry.npmjs.org/@babel/parser/-/parser-7.28.4.tgz 196ms (cache miss)
470 http fetch GET 200 https://registry.npmjs.org/@babel/helper-validator-identifier/-/helper-validator-identifier-7.27.1.tgz 217ms (cache miss)
471 http fetch GET 200 https://registry.npmjs.org/@babel/code-frame/-/code-frame-7.27.1.tgz 217ms (cache miss)
472 http fetch GET 200 https://registry.npmjs.org/stylis/-/stylis-4.2.0.tgz 221ms (cache miss)
473 http fetch GET 200 https://registry.npmjs.org/source-map/-/source-map-0.5.7.tgz 228ms (cache miss)
474 http fetch GET 200 https://registry.npmjs.org/find-root/-/find-root-1.1.0.tgz 243ms (cache miss)
475 http fetch GET 200 https://registry.npmjs.org/convert-source-map/-/convert-source-map-1.9.0.tgz 250ms (cache miss)
476 http fetch GET 200 https://registry.npmjs.org/@babel/types/-/types-7.28.4.tgz 266ms (cache miss)
477 http fetch GET 200 https://registry.npmjs.org/babel-plugin-macros/-/babel-plugin-macros-3.1.0.tgz 270ms (cache miss)
478 http fetch GET 200 https://registry.npmjs.org/@babel/traverse/-/traverse-7.28.4.tgz 271ms (cache miss)
479 http fetch GET 200 https://registry.npmjs.org/@emotion/memoize/-/memoize-0.9.0.tgz 275ms (cache miss)
480 http fetch GET 200 https://registry.npmjs.org/hoist-non-react-statics/-/hoist-non-react-statics-3.3.2.tgz 285ms (cache miss)
481 http fetch GET 200 https://registry.npmjs.org/@babel/helper-module-imports/-/helper-module-imports-7.27.1.tgz 286ms (cache miss)
482 http fetch GET 200 https://registry.npmjs.org/@emotion/hash/-/hash-0.9.2.tgz 302ms (cache miss)
483 http fetch GET 200 https://registry.npmjs.org/@emotion/weak-memoize/-/weak-memoize-0.4.0.tgz 309ms (cache miss)
484 http fetch GET 200 https://registry.npmjs.org/@emotion/utils/-/utils-1.4.2.tgz 328ms (cache miss)
485 http fetch GET 200 https://registry.npmjs.org/@emotion/use-insertion-effect-with-fallbacks/-/use-insertion-effect-with-fallbacks-1.2.0.tgz 330ms (cache miss)
486 http fetch GET 200 https://registry.npmjs.org/@emotion/cache/-/cache-11.14.0.tgz 341ms (cache miss)
487 http fetch GET 200 https://registry.npmjs.org/react-transition-group/-/react-transition-group-4.4.5.tgz 355ms (cache miss)
488 http fetch GET 200 https://registry.npmjs.org/@emotion/serialize/-/serialize-1.3.3.tgz 346ms (cache miss)
489 http fetch GET 200 https://registry.npmjs.org/@emotion/babel-plugin/-/babel-plugin-11.13.5.tgz 349ms (cache miss)
490 http fetch GET 200 https://registry.npmjs.org/react-is/-/react-is-19.2.0.tgz 377ms (cache miss)
491 http fetch GET 200 https://registry.npmjs.org/@emotion/styled/-/styled-11.14.1.tgz 397ms (cache miss)
492 http fetch GET 200 https://registry.npmjs.org/react-is/-/react-is-19.2.0.tgz 395ms (cache miss)
493 http fetch GET 200 https://registry.npmjs.org/@babel/runtime/-/runtime-7.28.4.tgz 404ms (cache miss)
494 http fetch GET 200 https://registry.npmjs.org/@emotion/react/-/react-11.14.0.tgz 419ms (cache miss)
495 http fetch GET 200 https://registry.npmjs.org/@types/parse-json/-/parse-json-4.0.2.tgz 660ms (cache miss)
496 http fetch GET 200 https://registry.npmjs.org/@emotion/is-prop-valid/-/is-prop-valid-1.4.0.tgz 658ms (cache miss)
497 http fetch GET 200 https://registry.npmjs.org/@mui/types/-/types-7.4.7.tgz 659ms (cache miss)
498 http fetch GET 200 https://registry.npmjs.org/clsx/-/clsx-2.1.1.tgz 661ms (cache miss)
499 http fetch GET 200 https://registry.npmjs.org/@mui/utils/-/utils-7.3.3.tgz 665ms (cache miss)
500 http fetch GET 200 https://registry.npmjs.org/@mui/core-downloads-tracker/-/core-downloads-tracker-7.3.4.tgz 666ms (cache miss)
501 http fetch GET 200 https://registry.npmjs.org/@mui/private-theming/-/private-theming-7.3.3.tgz 671ms (cache miss)
502 http fetch GET 200 https://registry.npmjs.org/@mui/system/-/system-7.3.3.tgz 728ms (cache miss)
503 http fetch GET 200 https://registry.npmjs.org/@mui/styled-engine/-/styled-engine-7.3.3.tgz 793ms (cache miss)
504 http fetch GET 200 https://registry.npmjs.org/@mui/material/-/material-7.3.4.tgz 1569ms (cache miss)
505 http fetch GET 200 https://registry.npmjs.org/@mui/icons-material/-/icons-material-7.3.4.tgz 6275ms (cache miss)
506 silly ADD node_modules/dom-helpers
507 silly ADD node_modules/is-arrayish
508 silly ADD node_modules/lines-and-columns
509 silly ADD node_modules/json-parse-even-better-errors
510 silly ADD node_modules/error-ex
511 silly ADD node_modules/yaml
512 silly ADD node_modules/path-type
513 silly ADD node_modules/parse-json
514 silly ADD node_modules/@types/parse-json
515 silly ADD node_modules/cosmiconfig
516 silly ADD node_modules/@types/prop-types
517 silly ADD node_modules/@mui/styled-engine
518 silly ADD node_modules/@mui/private-theming
519 silly ADD node_modules/react-transition-group
520 silly ADD node_modules/clsx
521 silly ADD node_modules/@types/react-transition-group
522 silly ADD node_modules/@popperjs/core
523 silly ADD node_modules/@mui/utils
524 silly ADD node_modules/@mui/utils/node_modules/react-is
525 silly ADD node_modules/@mui/types
526 silly ADD node_modules/@mui/system
527 silly ADD node_modules/@mui/core-downloads-tracker
528 silly ADD node_modules/@emotion/is-prop-valid
529 silly ADD node_modules/@emotion/unitless
530 silly ADD node_modules/@emotion/sheet
531 silly ADD node_modules/@babel/helper-string-parser
532 silly ADD node_modules/jsesc
533 silly ADD node_modules/@babel/helper-validator-identifier
534 silly ADD node_modules/@babel/template
535 silly ADD node_modules/@babel/parser
536 silly ADD node_modules/@babel/helper-globals
537 silly ADD node_modules/@babel/generator
538 silly ADD node_modules/@babel/code-frame
539 silly ADD node_modules/@babel/types
540 silly ADD node_modules/@babel/traverse
541 silly ADD node_modules/stylis
542 silly ADD node_modules/source-map
543 silly ADD node_modules/find-root
544 silly ADD node_modules/convert-source-map
545 silly ADD node_modules/babel-plugin-macros
546 silly ADD node_modules/@emotion/memoize
547 silly ADD node_modules/@emotion/hash
548 silly ADD node_modules/@babel/helper-module-imports
549 silly ADD node_modules/hoist-non-react-statics
550 silly ADD node_modules/@emotion/weak-memoize
551 silly ADD node_modules/@emotion/utils
552 silly ADD node_modules/@emotion/use-insertion-effect-with-fallbacks
553 silly ADD node_modules/@emotion/serialize
554 silly ADD node_modules/@emotion/cache
555 silly ADD node_modules/@emotion/babel-plugin
556 silly ADD node_modules/@babel/runtime
557 silly ADD node_modules/@mui/material
558 silly ADD node_modules/@mui/material/node_modules/react-is
559 silly ADD node_modules/@mui/icons-material
560 silly ADD node_modules/@emotion/styled
561 silly ADD node_modules/@emotion/react
562 verbose cwd /Users/gimseoncheol/Desktop/tour
563 verbose os Darwin 25.0.0
564 verbose node v20.18.0
565 verbose npm  v11.5.2
566 verbose exit 0
567 info ok
